<?xml version="1.0" encoding="UTF-8"?>
<!-- Generated by org.testng.reporters.JUnitReportReporter -->
<testsuite skipped="0" hostname="DESKTOP-GC1SNUS" name="test.eg1" tests="2" failures="0" timestamp="19 Nov 2020 09:35:04 GMT" time="0.008" errors="0">
  <testcase name="demo" time="0.007" classname="test.eg1"/>
  <testcase name="demo2" time="0.001" classname="test.eg1"/>
</testsuite> <!-- test.eg1 -->
